<?xml version="1.0" encoding="UTF-8"?>
<testsuite xmlns:xsi="http://www.w3.org/2001/XMLSchema-instance" xsi:noNamespaceSchemaLocation="https://maven.apache.org/surefire/maven-surefire-plugin/xsd/surefire-test-report.xsd" name="com.zjr.assistant.AssistantApplicationTests" time="10.1" tests="4" errors="1" skipped="0" failures="0">
  <properties>
    <property name="sun.desktop" value="windows"/>
    <property name="awt.toolkit" value="sun.awt.windows.WToolkit"/>
    <property name="file.encoding.pkg" value="sun.io"/>
    <property name="java.specification.version" value="1.8"/>
    <property name="sun.cpu.isalist" value="amd64"/>
    <property name="sun.jnu.encoding" value="GBK"/>
    <property name="java.class.path" value="G:\毕设\class-assistant-server\target\test-classes;G:\毕设\class-assistant-server\target\classes;C:\Users\Junrui Chu\.m2\repository\org\springframework\boot\spring-boot-starter-data-redis\2.4.1\spring-boot-starter-data-redis-2.4.1.jar;C:\Users\Junrui Chu\.m2\repository\org\springframework\boot\spring-boot-starter\2.4.1\spring-boot-starter-2.4.1.jar;C:\Users\Junrui Chu\.m2\repository\org\springframework\boot\spring-boot-starter-logging\2.4.1\spring-boot-starter-logging-2.4.1.jar;C:\Users\Junrui Chu\.m2\repository\ch\qos\logback\logback-classic\1.2.3\logback-classic-1.2.3.jar;C:\Users\Junrui Chu\.m2\repository\ch\qos\logback\logback-core\1.2.3\logback-core-1.2.3.jar;C:\Users\Junrui Chu\.m2\repository\org\apache\logging\log4j\log4j-to-slf4j\2.13.3\log4j-to-slf4j-2.13.3.jar;C:\Users\Junrui Chu\.m2\repository\org\apache\logging\log4j\log4j-api\2.13.3\log4j-api-2.13.3.jar;C:\Users\Junrui Chu\.m2\repository\jakarta\annotation\jakarta.annotation-api\1.3.5\jakarta.annotation-api-1.3.5.jar;C:\Users\Junrui Chu\.m2\repository\org\yaml\snakeyaml\1.27\snakeyaml-1.27.jar;C:\Users\Junrui Chu\.m2\repository\org\springframework\data\spring-data-redis\2.4.2\spring-data-redis-2.4.2.jar;C:\Users\Junrui Chu\.m2\repository\org\springframework\data\spring-data-keyvalue\2.4.2\spring-data-keyvalue-2.4.2.jar;C:\Users\Junrui Chu\.m2\repository\org\springframework\data\spring-data-commons\2.4.2\spring-data-commons-2.4.2.jar;C:\Users\Junrui Chu\.m2\repository\org\springframework\spring-tx\5.3.2\spring-tx-5.3.2.jar;C:\Users\Junrui Chu\.m2\repository\org\springframework\spring-oxm\5.3.2\spring-oxm-5.3.2.jar;C:\Users\Junrui Chu\.m2\repository\org\springframework\spring-aop\5.3.2\spring-aop-5.3.2.jar;C:\Users\Junrui Chu\.m2\repository\io\lettuce\lettuce-core\6.0.1.RELEASE\lettuce-core-6.0.1.RELEASE.jar;C:\Users\Junrui Chu\.m2\repository\io\netty\netty-common\4.1.55.Final\netty-common-4.1.55.Final.jar;C:\Users\Junrui Chu\.m2\repository\io\netty\netty-handler\4.1.55.Final\netty-handler-4.1.55.Final.jar;C:\Users\Junrui Chu\.m2\repository\io\netty\netty-resolver\4.1.55.Final\netty-resolver-4.1.55.Final.jar;C:\Users\Junrui Chu\.m2\repository\io\netty\netty-buffer\4.1.55.Final\netty-buffer-4.1.55.Final.jar;C:\Users\Junrui Chu\.m2\repository\io\netty\netty-codec\4.1.55.Final\netty-codec-4.1.55.Final.jar;C:\Users\Junrui Chu\.m2\repository\io\netty\netty-transport\4.1.55.Final\netty-transport-4.1.55.Final.jar;C:\Users\Junrui Chu\.m2\repository\io\projectreactor\reactor-core\3.4.1\reactor-core-3.4.1.jar;C:\Users\Junrui Chu\.m2\repository\org\reactivestreams\reactive-streams\1.0.3\reactive-streams-1.0.3.jar;C:\Users\Junrui Chu\.m2\repository\org\springframework\boot\spring-boot-starter-web\2.4.1\spring-boot-starter-web-2.4.1.jar;C:\Users\Junrui Chu\.m2\repository\org\springframework\boot\spring-boot-starter-json\2.4.1\spring-boot-starter-json-2.4.1.jar;C:\Users\Junrui Chu\.m2\repository\com\fasterxml\jackson\datatype\jackson-datatype-jdk8\2.11.3\jackson-datatype-jdk8-2.11.3.jar;C:\Users\Junrui Chu\.m2\repository\com\fasterxml\jackson\datatype\jackson-datatype-jsr310\2.11.3\jackson-datatype-jsr310-2.11.3.jar;C:\Users\Junrui Chu\.m2\repository\com\fasterxml\jackson\module\jackson-module-parameter-names\2.11.3\jackson-module-parameter-names-2.11.3.jar;C:\Users\Junrui Chu\.m2\repository\org\springframework\boot\spring-boot-starter-tomcat\2.4.1\spring-boot-starter-tomcat-2.4.1.jar;C:\Users\Junrui Chu\.m2\repository\org\apache\tomcat\embed\tomcat-embed-core\9.0.41\tomcat-embed-core-9.0.41.jar;C:\Users\Junrui Chu\.m2\repository\org\glassfish\jakarta.el\3.0.3\jakarta.el-3.0.3.jar;C:\Users\Junrui Chu\.m2\repository\org\apache\tomcat\embed\tomcat-embed-websocket\9.0.41\tomcat-embed-websocket-9.0.41.jar;C:\Users\Junrui Chu\.m2\repository\org\springframework\spring-web\5.3.2\spring-web-5.3.2.jar;C:\Users\Junrui Chu\.m2\repository\org\springframework\spring-beans\5.3.2\spring-beans-5.3.2.jar;C:\Users\Junrui Chu\.m2\repository\org\springframework\spring-webmvc\5.3.2\spring-webmvc-5.3.2.jar;C:\Users\Junrui Chu\.m2\repository\org\springframework\spring-context\5.3.2\spring-context-5.3.2.jar;C:\Users\Junrui Chu\.m2\repository\org\springframework\spring-expression\5.3.2\spring-expression-5.3.2.jar;C:\Users\Junrui Chu\.m2\repository\org\mybatis\spring\boot\mybatis-spring-boot-starter\2.1.4\mybatis-spring-boot-starter-2.1.4.jar;C:\Users\Junrui Chu\.m2\repository\org\springframework\boot\spring-boot-starter-jdbc\2.4.1\spring-boot-starter-jdbc-2.4.1.jar;C:\Users\Junrui Chu\.m2\repository\com\zaxxer\HikariCP\3.4.5\HikariCP-3.4.5.jar;C:\Users\Junrui Chu\.m2\repository\org\springframework\spring-jdbc\5.3.2\spring-jdbc-5.3.2.jar;C:\Users\Junrui Chu\.m2\repository\org\mybatis\spring\boot\mybatis-spring-boot-autoconfigure\2.1.4\mybatis-spring-boot-autoconfigure-2.1.4.jar;C:\Users\Junrui Chu\.m2\repository\org\mybatis\mybatis\3.5.6\mybatis-3.5.6.jar;C:\Users\Junrui Chu\.m2\repository\org\mybatis\mybatis-spring\2.0.6\mybatis-spring-2.0.6.jar;C:\Users\Junrui Chu\.m2\repository\com\github\pagehelper\pagehelper-spring-boot-starter\1.2.3\pagehelper-spring-boot-starter-1.2.3.jar;C:\Users\Junrui Chu\.m2\repository\com\github\pagehelper\pagehelper-spring-boot-autoconfigure\1.2.3\pagehelper-spring-boot-autoconfigure-1.2.3.jar;C:\Users\Junrui Chu\.m2\repository\com\github\pagehelper\pagehelper\5.1.2\pagehelper-5.1.2.jar;C:\Users\Junrui Chu\.m2\repository\com\github\jsqlparser\jsqlparser\1.0\jsqlparser-1.0.jar;C:\Users\Junrui Chu\.m2\repository\org\springframework\boot\spring-boot-starter-websocket\2.4.1\spring-boot-starter-websocket-2.4.1.jar;C:\Users\Junrui Chu\.m2\repository\org\springframework\spring-messaging\5.3.2\spring-messaging-5.3.2.jar;C:\Users\Junrui Chu\.m2\repository\org\springframework\spring-websocket\5.3.2\spring-websocket-5.3.2.jar;C:\Users\Junrui Chu\.m2\repository\mysql\mysql-connector-java\8.0.22\mysql-connector-java-8.0.22.jar;C:\Users\Junrui Chu\.m2\repository\org\projectlombok\lombok\1.18.16\lombok-1.18.16.jar;C:\Users\Junrui Chu\.m2\repository\com\github\penggle\kaptcha\2.3.2\kaptcha-2.3.2.jar;C:\Users\Junrui Chu\.m2\repository\javax\servlet\javax.servlet-api\4.0.1\javax.servlet-api-4.0.1.jar;C:\Users\Junrui Chu\.m2\repository\com\jhlabs\filters\2.0.235-1\filters-2.0.235-1.jar;C:\Users\Junrui Chu\.m2\repository\org\springframework\boot\spring-boot-devtools\2.4.1\spring-boot-devtools-2.4.1.jar;C:\Users\Junrui Chu\.m2\repository\org\springframework\boot\spring-boot\2.4.1\spring-boot-2.4.1.jar;C:\Users\Junrui Chu\.m2\repository\org\springframework\boot\spring-boot-autoconfigure\2.4.1\spring-boot-autoconfigure-2.4.1.jar;C:\Users\Junrui Chu\.m2\repository\com\alibaba\druid-spring-boot-starter\1.1.10\druid-spring-boot-starter-1.1.10.jar;C:\Users\Junrui Chu\.m2\repository\com\alibaba\druid\1.1.10\druid-1.1.10.jar;C:\Users\Junrui Chu\.m2\repository\org\slf4j\slf4j-api\1.7.30\slf4j-api-1.7.30.jar;C:\Users\Junrui Chu\.m2\repository\org\springframework\boot\spring-boot-starter-test\2.4.1\spring-boot-starter-test-2.4.1.jar;C:\Users\Junrui Chu\.m2\repository\org\springframework\boot\spring-boot-test\2.4.1\spring-boot-test-2.4.1.jar;C:\Users\Junrui Chu\.m2\repository\org\springframework\boot\spring-boot-test-autoconfigure\2.4.1\spring-boot-test-autoconfigure-2.4.1.jar;C:\Users\Junrui Chu\.m2\repository\com\jayway\jsonpath\json-path\2.4.0\json-path-2.4.0.jar;C:\Users\Junrui Chu\.m2\repository\net\minidev\json-smart\2.3\json-smart-2.3.jar;C:\Users\Junrui Chu\.m2\repository\net\minidev\accessors-smart\1.2\accessors-smart-1.2.jar;C:\Users\Junrui Chu\.m2\repository\org\ow2\asm\asm\5.0.4\asm-5.0.4.jar;C:\Users\Junrui Chu\.m2\repository\jakarta\xml\bind\jakarta.xml.bind-api\2.3.3\jakarta.xml.bind-api-2.3.3.jar;C:\Users\Junrui Chu\.m2\repository\jakarta\activation\jakarta.activation-api\1.2.2\jakarta.activation-api-1.2.2.jar;C:\Users\Junrui Chu\.m2\repository\org\assertj\assertj-core\3.18.1\assertj-core-3.18.1.jar;C:\Users\Junrui Chu\.m2\repository\org\hamcrest\hamcrest\2.2\hamcrest-2.2.jar;C:\Users\Junrui Chu\.m2\repository\org\junit\jupiter\junit-jupiter\5.7.0\junit-jupiter-5.7.0.jar;C:\Users\Junrui Chu\.m2\repository\org\junit\jupiter\junit-jupiter-api\5.7.0\junit-jupiter-api-5.7.0.jar;C:\Users\Junrui Chu\.m2\repository\org\apiguardian\apiguardian-api\1.1.0\apiguardian-api-1.1.0.jar;C:\Users\Junrui Chu\.m2\repository\org\opentest4j\opentest4j\1.2.0\opentest4j-1.2.0.jar;C:\Users\Junrui Chu\.m2\repository\org\junit\platform\junit-platform-commons\1.7.0\junit-platform-commons-1.7.0.jar;C:\Users\Junrui Chu\.m2\repository\org\junit\jupiter\junit-jupiter-params\5.7.0\junit-jupiter-params-5.7.0.jar;C:\Users\Junrui Chu\.m2\repository\org\junit\jupiter\junit-jupiter-engine\5.7.0\junit-jupiter-engine-5.7.0.jar;C:\Users\Junrui Chu\.m2\repository\org\junit\platform\junit-platform-engine\1.7.0\junit-platform-engine-1.7.0.jar;C:\Users\Junrui Chu\.m2\repository\org\mockito\mockito-core\3.6.28\mockito-core-3.6.28.jar;C:\Users\Junrui Chu\.m2\repository\net\bytebuddy\byte-buddy\1.10.18\byte-buddy-1.10.18.jar;C:\Users\Junrui Chu\.m2\repository\net\bytebuddy\byte-buddy-agent\1.10.18\byte-buddy-agent-1.10.18.jar;C:\Users\Junrui Chu\.m2\repository\org\objenesis\objenesis\3.1\objenesis-3.1.jar;C:\Users\Junrui Chu\.m2\repository\org\mockito\mockito-junit-jupiter\3.6.28\mockito-junit-jupiter-3.6.28.jar;C:\Users\Junrui Chu\.m2\repository\org\skyscreamer\jsonassert\1.5.0\jsonassert-1.5.0.jar;C:\Users\Junrui Chu\.m2\repository\com\vaadin\external\google\android-json\0.0.20131108.vaadin1\android-json-0.0.20131108.vaadin1.jar;C:\Users\Junrui Chu\.m2\repository\org\springframework\spring-core\5.3.2\spring-core-5.3.2.jar;C:\Users\Junrui Chu\.m2\repository\org\springframework\spring-jcl\5.3.2\spring-jcl-5.3.2.jar;C:\Users\Junrui Chu\.m2\repository\org\springframework\spring-test\5.3.2\spring-test-5.3.2.jar;C:\Users\Junrui Chu\.m2\repository\org\xmlunit\xmlunit-core\2.7.0\xmlunit-core-2.7.0.jar;C:\Users\Junrui Chu\.m2\repository\org\apache\httpcomponents\httpclient\4.5.6\httpclient-4.5.6.jar;C:\Users\Junrui Chu\.m2\repository\org\apache\httpcomponents\httpcore\4.4.14\httpcore-4.4.14.jar;C:\Users\Junrui Chu\.m2\repository\commons-codec\commons-codec\1.15\commons-codec-1.15.jar;C:\Users\Junrui Chu\.m2\repository\com\alibaba\fastjson\1.2.73\fastjson-1.2.73.jar;C:\Users\Junrui Chu\.m2\repository\io\springfox\springfox-swagger2\2.7.0\springfox-swagger2-2.7.0.jar;C:\Users\Junrui Chu\.m2\repository\io\swagger\swagger-annotations\1.5.13\swagger-annotations-1.5.13.jar;C:\Users\Junrui Chu\.m2\repository\io\swagger\swagger-models\1.5.13\swagger-models-1.5.13.jar;C:\Users\Junrui Chu\.m2\repository\com\fasterxml\jackson\core\jackson-annotations\2.11.3\jackson-annotations-2.11.3.jar;C:\Users\Junrui Chu\.m2\repository\io\springfox\springfox-spi\2.7.0\springfox-spi-2.7.0.jar;C:\Users\Junrui Chu\.m2\repository\io\springfox\springfox-core\2.7.0\springfox-core-2.7.0.jar;C:\Users\Junrui Chu\.m2\repository\io\springfox\springfox-schema\2.7.0\springfox-schema-2.7.0.jar;C:\Users\Junrui Chu\.m2\repository\io\springfox\springfox-swagger-common\2.7.0\springfox-swagger-common-2.7.0.jar;C:\Users\Junrui Chu\.m2\repository\io\springfox\springfox-spring-web\2.7.0\springfox-spring-web-2.7.0.jar;C:\Users\Junrui Chu\.m2\repository\org\reflections\reflections\0.9.11\reflections-0.9.11.jar;C:\Users\Junrui Chu\.m2\repository\com\google\guava\guava\18.0\guava-18.0.jar;C:\Users\Junrui Chu\.m2\repository\com\fasterxml\classmate\1.5.1\classmate-1.5.1.jar;C:\Users\Junrui Chu\.m2\repository\org\springframework\plugin\spring-plugin-core\1.2.0.RELEASE\spring-plugin-core-1.2.0.RELEASE.jar;C:\Users\Junrui Chu\.m2\repository\org\springframework\plugin\spring-plugin-metadata\1.2.0.RELEASE\spring-plugin-metadata-1.2.0.RELEASE.jar;C:\Users\Junrui Chu\.m2\repository\org\mapstruct\mapstruct\1.1.0.Final\mapstruct-1.1.0.Final.jar;C:\Users\Junrui Chu\.m2\repository\io\springfox\springfox-swagger-ui\2.7.0\springfox-swagger-ui-2.7.0.jar;C:\Users\Junrui Chu\.m2\repository\org\scala-lang\scala-library\2.12.11\scala-library-2.12.11.jar;C:\Users\Junrui Chu\.m2\repository\org\apache\spark\spark-core_2.12\3.0.0\spark-core_2.12-3.0.0.jar;C:\Users\Junrui Chu\.m2\repository\com\thoughtworks\paranamer\paranamer\2.8\paranamer-2.8.jar;C:\Users\Junrui Chu\.m2\repository\org\apache\avro\avro\1.8.2\avro-1.8.2.jar;C:\Users\Junrui Chu\.m2\repository\org\codehaus\jackson\jackson-core-asl\1.9.13\jackson-core-asl-1.9.13.jar;C:\Users\Junrui Chu\.m2\repository\org\apache\commons\commons-compress\1.8.1\commons-compress-1.8.1.jar;C:\Users\Junrui Chu\.m2\repository\org\tukaani\xz\1.5\xz-1.5.jar;C:\Users\Junrui Chu\.m2\repository\org\apache\avro\avro-mapred\1.8.2\avro-mapred-1.8.2-hadoop2.jar;C:\Users\Junrui Chu\.m2\repository\org\apache\avro\avro-ipc\1.8.2\avro-ipc-1.8.2.jar;C:\Users\Junrui Chu\.m2\repository\com\twitter\chill_2.12\0.9.5\chill_2.12-0.9.5.jar;C:\Users\Junrui Chu\.m2\repository\com\esotericsoftware\kryo-shaded\4.0.2\kryo-shaded-4.0.2.jar;C:\Users\Junrui Chu\.m2\repository\com\esotericsoftware\minlog\1.3.0\minlog-1.3.0.jar;C:\Users\Junrui Chu\.m2\repository\com\twitter\chill-java\0.9.5\chill-java-0.9.5.jar;C:\Users\Junrui Chu\.m2\repository\org\apache\xbean\xbean-asm7-shaded\4.15\xbean-asm7-shaded-4.15.jar;C:\Users\Junrui Chu\.m2\repository\org\apache\hadoop\hadoop-client\2.7.4\hadoop-client-2.7.4.jar;C:\Users\Junrui Chu\.m2\repository\org\apache\hadoop\hadoop-common\2.7.4\hadoop-common-2.7.4.jar;C:\Users\Junrui Chu\.m2\repository\xmlenc\xmlenc\0.52\xmlenc-0.52.jar;C:\Users\Junrui Chu\.m2\repository\commons-collections\commons-collections\3.2.2\commons-collections-3.2.2.jar;C:\Users\Junrui Chu\.m2\repository\org\mortbay\jetty\jetty-sslengine\6.1.26\jetty-sslengine-6.1.26.jar;C:\Users\Junrui Chu\.m2\repository\javax\servlet\jsp\jsp-api\2.1\jsp-api-2.1.jar;C:\Users\Junrui Chu\.m2\repository\commons-configuration\commons-configuration\1.6\commons-configuration-1.6.jar;C:\Users\Junrui Chu\.m2\repository\commons-digester\commons-digester\1.8\commons-digester-1.8.jar;C:\Users\Junrui Chu\.m2\repository\commons-beanutils\commons-beanutils\1.7.0\commons-beanutils-1.7.0.jar;C:\Users\Junrui Chu\.m2\repository\org\apache\hadoop\hadoop-auth\2.7.4\hadoop-auth-2.7.4.jar;C:\Users\Junrui Chu\.m2\repository\org\apache\directory\server\apacheds-kerberos-codec\2.0.0-M15\apacheds-kerberos-codec-2.0.0-M15.jar;C:\Users\Junrui Chu\.m2\repository\org\apache\directory\server\apacheds-i18n\2.0.0-M15\apacheds-i18n-2.0.0-M15.jar;C:\Users\Junrui Chu\.m2\repository\org\apache\directory\api\api-asn1-api\1.0.0-M20\api-asn1-api-1.0.0-M20.jar;C:\Users\Junrui Chu\.m2\repository\org\apache\directory\api\api-util\1.0.0-M20\api-util-1.0.0-M20.jar;C:\Users\Junrui Chu\.m2\repository\org\apache\curator\curator-client\2.7.1\curator-client-2.7.1.jar;C:\Users\Junrui Chu\.m2\repository\org\apache\htrace\htrace-core\3.1.0-incubating\htrace-core-3.1.0-incubating.jar;C:\Users\Junrui Chu\.m2\repository\org\apache\hadoop\hadoop-hdfs\2.7.4\hadoop-hdfs-2.7.4.jar;C:\Users\Junrui Chu\.m2\repository\org\mortbay\jetty\jetty-util\6.1.26\jetty-util-6.1.26.jar;C:\Users\Junrui Chu\.m2\repository\xerces\xercesImpl\2.9.1\xercesImpl-2.9.1.jar;C:\Users\Junrui Chu\.m2\repository\xml-apis\xml-apis\1.3.04\xml-apis-1.3.04.jar;C:\Users\Junrui Chu\.m2\repository\org\apache\hadoop\hadoop-mapreduce-client-app\2.7.4\hadoop-mapreduce-client-app-2.7.4.jar;C:\Users\Junrui Chu\.m2\repository\org\apache\hadoop\hadoop-mapreduce-client-common\2.7.4\hadoop-mapreduce-client-common-2.7.4.jar;C:\Users\Junrui Chu\.m2\repository\org\apache\hadoop\hadoop-yarn-client\2.7.4\hadoop-yarn-client-2.7.4.jar;C:\Users\Junrui Chu\.m2\repository\org\apache\hadoop\hadoop-yarn-server-common\2.7.4\hadoop-yarn-server-common-2.7.4.jar;C:\Users\Junrui Chu\.m2\repository\org\apache\hadoop\hadoop-mapreduce-client-shuffle\2.7.4\hadoop-mapreduce-client-shuffle-2.7.4.jar;C:\Users\Junrui Chu\.m2\repository\org\apache\hadoop\hadoop-yarn-api\2.7.4\hadoop-yarn-api-2.7.4.jar;C:\Users\Junrui Chu\.m2\repository\org\apache\hadoop\hadoop-mapreduce-client-core\2.7.4\hadoop-mapreduce-client-core-2.7.4.jar;C:\Users\Junrui Chu\.m2\repository\org\apache\hadoop\hadoop-yarn-common\2.7.4\hadoop-yarn-common-2.7.4.jar;C:\Users\Junrui Chu\.m2\repository\javax\xml\bind\jaxb-api\2.3.1\jaxb-api-2.3.1.jar;C:\Users\Junrui Chu\.m2\repository\javax\activation\javax.activation-api\1.2.0\javax.activation-api-1.2.0.jar;C:\Users\Junrui Chu\.m2\repository\org\codehaus\jackson\jackson-jaxrs\1.9.13\jackson-jaxrs-1.9.13.jar;C:\Users\Junrui Chu\.m2\repository\org\codehaus\jackson\jackson-xc\1.9.13\jackson-xc-1.9.13.jar;C:\Users\Junrui Chu\.m2\repository\org\apache\hadoop\hadoop-mapreduce-client-jobclient\2.7.4\hadoop-mapreduce-client-jobclient-2.7.4.jar;C:\Users\Junrui Chu\.m2\repository\org\apache\hadoop\hadoop-annotations\2.7.4\hadoop-annotations-2.7.4.jar;C:\Users\Junrui Chu\.m2\repository\org\apache\spark\spark-launcher_2.12\3.0.0\spark-launcher_2.12-3.0.0.jar;C:\Users\Junrui Chu\.m2\repository\org\apache\spark\spark-kvstore_2.12\3.0.0\spark-kvstore_2.12-3.0.0.jar;C:\Users\Junrui Chu\.m2\repository\org\fusesource\leveldbjni\leveldbjni-all\1.8\leveldbjni-all-1.8.jar;C:\Users\Junrui Chu\.m2\repository\com\fasterxml\jackson\core\jackson-core\2.11.3\jackson-core-2.11.3.jar;C:\Users\Junrui Chu\.m2\repository\org\apache\spark\spark-network-common_2.12\3.0.0\spark-network-common_2.12-3.0.0.jar;C:\Users\Junrui Chu\.m2\repository\org\apache\spark\spark-network-shuffle_2.12\3.0.0\spark-network-shuffle_2.12-3.0.0.jar;C:\Users\Junrui Chu\.m2\repository\org\apache\spark\spark-unsafe_2.12\3.0.0\spark-unsafe_2.12-3.0.0.jar;C:\Users\Junrui Chu\.m2\repository\javax\activation\activation\1.1.1\activation-1.1.1.jar;C:\Users\Junrui Chu\.m2\repository\org\apache\curator\curator-recipes\2.7.1\curator-recipes-2.7.1.jar;C:\Users\Junrui Chu\.m2\repository\org\apache\curator\curator-framework\2.7.1\curator-framework-2.7.1.jar;C:\Users\Junrui Chu\.m2\repository\org\apache\zookeeper\zookeeper\3.4.14\zookeeper-3.4.14.jar;C:\Users\Junrui Chu\.m2\repository\org\apache\yetus\audience-annotations\0.5.0\audience-annotations-0.5.0.jar;C:\Users\Junrui Chu\.m2\repository\org\apache\commons\commons-lang3\3.11\commons-lang3-3.11.jar;C:\Users\Junrui Chu\.m2\repository\org\apache\commons\commons-math3\3.4.1\commons-math3-3.4.1.jar;C:\Users\Junrui Chu\.m2\repository\org\apache\commons\commons-text\1.6\commons-text-1.6.jar;C:\Users\Junrui Chu\.m2\repository\com\google\code\findbugs\jsr305\3.0.0\jsr305-3.0.0.jar;C:\Users\Junrui Chu\.m2\repository\org\slf4j\jul-to-slf4j\1.7.30\jul-to-slf4j-1.7.30.jar;C:\Users\Junrui Chu\.m2\repository\org\slf4j\jcl-over-slf4j\1.7.30\jcl-over-slf4j-1.7.30.jar;C:\Users\Junrui Chu\.m2\repository\log4j\log4j\1.2.17\log4j-1.2.17.jar;C:\Users\Junrui Chu\.m2\repository\org\slf4j\slf4j-log4j12\1.7.30\slf4j-log4j12-1.7.30.jar;C:\Users\Junrui Chu\.m2\repository\com\ning\compress-lzf\1.0.3\compress-lzf-1.0.3.jar;C:\Users\Junrui Chu\.m2\repository\org\xerial\snappy\snappy-java\1.1.7.5\snappy-java-1.1.7.5.jar;C:\Users\Junrui Chu\.m2\repository\org\lz4\lz4-java\1.7.1\lz4-java-1.7.1.jar;C:\Users\Junrui Chu\.m2\repository\com\github\luben\zstd-jni\1.4.4-3\zstd-jni-1.4.4-3.jar;C:\Users\Junrui Chu\.m2\repository\org\roaringbitmap\RoaringBitmap\0.7.45\RoaringBitmap-0.7.45.jar;C:\Users\Junrui Chu\.m2\repository\org\roaringbitmap\shims\0.7.45\shims-0.7.45.jar;C:\Users\Junrui Chu\.m2\repository\commons-net\commons-net\3.1\commons-net-3.1.jar;C:\Users\Junrui Chu\.m2\repository\org\scala-lang\modules\scala-xml_2.12\1.2.0\scala-xml_2.12-1.2.0.jar;C:\Users\Junrui Chu\.m2\repository\org\scala-lang\scala-reflect\2.12.10\scala-reflect-2.12.10.jar;C:\Users\Junrui Chu\.m2\repository\org\json4s\json4s-jackson_2.12\3.6.6\json4s-jackson_2.12-3.6.6.jar;C:\Users\Junrui Chu\.m2\repository\org\json4s\json4s-core_2.12\3.6.6\json4s-core_2.12-3.6.6.jar;C:\Users\Junrui Chu\.m2\repository\org\json4s\json4s-ast_2.12\3.6.6\json4s-ast_2.12-3.6.6.jar;C:\Users\Junrui Chu\.m2\repository\org\json4s\json4s-scalap_2.12\3.6.6\json4s-scalap_2.12-3.6.6.jar;C:\Users\Junrui Chu\.m2\repository\org\glassfish\jersey\core\jersey-client\2.32\jersey-client-2.32.jar;C:\Users\Junrui Chu\.m2\repository\jakarta\ws\rs\jakarta.ws.rs-api\2.1.6\jakarta.ws.rs-api-2.1.6.jar;C:\Users\Junrui Chu\.m2\repository\org\glassfish\hk2\external\jakarta.inject\2.6.1\jakarta.inject-2.6.1.jar;C:\Users\Junrui Chu\.m2\repository\org\glassfish\jersey\core\jersey-common\2.32\jersey-common-2.32.jar;C:\Users\Junrui Chu\.m2\repository\org\glassfish\hk2\osgi-resource-locator\1.0.3\osgi-resource-locator-1.0.3.jar;C:\Users\Junrui Chu\.m2\repository\org\glassfish\jersey\core\jersey-server\2.32\jersey-server-2.32.jar;C:\Users\Junrui Chu\.m2\repository\org\glassfish\jersey\media\jersey-media-jaxb\2.32\jersey-media-jaxb-2.32.jar;C:\Users\Junrui Chu\.m2\repository\jakarta\validation\jakarta.validation-api\2.0.2\jakarta.validation-api-2.0.2.jar;C:\Users\Junrui Chu\.m2\repository\org\glassfish\jersey\containers\jersey-container-servlet\2.32\jersey-container-servlet-2.32.jar;C:\Users\Junrui Chu\.m2\repository\org\glassfish\jersey\containers\jersey-container-servlet-core\2.32\jersey-container-servlet-core-2.32.jar;C:\Users\Junrui Chu\.m2\repository\org\glassfish\jersey\inject\jersey-hk2\2.32\jersey-hk2-2.32.jar;C:\Users\Junrui Chu\.m2\repository\org\glassfish\hk2\hk2-locator\2.6.1\hk2-locator-2.6.1.jar;C:\Users\Junrui Chu\.m2\repository\org\glassfish\hk2\external\aopalliance-repackaged\2.6.1\aopalliance-repackaged-2.6.1.jar;C:\Users\Junrui Chu\.m2\repository\org\glassfish\hk2\hk2-api\2.6.1\hk2-api-2.6.1.jar;C:\Users\Junrui Chu\.m2\repository\org\glassfish\hk2\hk2-utils\2.6.1\hk2-utils-2.6.1.jar;C:\Users\Junrui Chu\.m2\repository\org\javassist\javassist\3.25.0-GA\javassist-3.25.0-GA.jar;C:\Users\Junrui Chu\.m2\repository\io\netty\netty-all\4.1.55.Final\netty-all-4.1.55.Final.jar;C:\Users\Junrui Chu\.m2\repository\com\clearspring\analytics\stream\2.9.6\stream-2.9.6.jar;C:\Users\Junrui Chu\.m2\repository\io\dropwizard\metrics\metrics-core\4.1.16\metrics-core-4.1.16.jar;C:\Users\Junrui Chu\.m2\repository\io\dropwizard\metrics\metrics-jvm\4.1.16\metrics-jvm-4.1.16.jar;C:\Users\Junrui Chu\.m2\repository\io\dropwizard\metrics\metrics-json\4.1.16\metrics-json-4.1.16.jar;C:\Users\Junrui Chu\.m2\repository\io\dropwizard\metrics\metrics-graphite\4.1.16\metrics-graphite-4.1.16.jar;C:\Users\Junrui Chu\.m2\repository\io\dropwizard\metrics\metrics-jmx\4.1.16\metrics-jmx-4.1.16.jar;C:\Users\Junrui Chu\.m2\repository\com\fasterxml\jackson\core\jackson-databind\2.11.3\jackson-databind-2.11.3.jar;C:\Users\Junrui Chu\.m2\repository\com\fasterxml\jackson\module\jackson-module-scala_2.12\2.11.3\jackson-module-scala_2.12-2.11.3.jar;C:\Users\Junrui Chu\.m2\repository\com\fasterxml\jackson\module\jackson-module-paranamer\2.11.3\jackson-module-paranamer-2.11.3.jar;C:\Users\Junrui Chu\.m2\repository\org\apache\ivy\ivy\2.4.0\ivy-2.4.0.jar;C:\Users\Junrui Chu\.m2\repository\oro\oro\2.0.8\oro-2.0.8.jar;C:\Users\Junrui Chu\.m2\repository\net\razorvine\pyrolite\4.30\pyrolite-4.30.jar;C:\Users\Junrui Chu\.m2\repository\net\sf\py4j\py4j\0.10.9\py4j-0.10.9.jar;C:\Users\Junrui Chu\.m2\repository\org\apache\spark\spark-tags_2.12\3.0.0\spark-tags_2.12-3.0.0.jar;C:\Users\Junrui Chu\.m2\repository\org\apache\commons\commons-crypto\1.0.0\commons-crypto-1.0.0.jar;C:\Users\Junrui Chu\.m2\repository\org\spark-project\spark\unused\1.0.0\unused-1.0.0.jar;C:\Users\Junrui Chu\.m2\repository\org\apache\spark\spark-mllib_2.12\3.0.0\spark-mllib_2.12-3.0.0.jar;C:\Users\Junrui Chu\.m2\repository\org\scala-lang\modules\scala-parser-combinators_2.12\1.1.2\scala-parser-combinators_2.12-1.1.2.jar;C:\Users\Junrui Chu\.m2\repository\org\apache\spark\spark-streaming_2.12\3.0.0\spark-streaming_2.12-3.0.0.jar;C:\Users\Junrui Chu\.m2\repository\org\apache\spark\spark-graphx_2.12\3.0.0\spark-graphx_2.12-3.0.0.jar;C:\Users\Junrui Chu\.m2\repository\com\github\fommil\netlib\core\1.1.2\core-1.1.2.jar;C:\Users\Junrui Chu\.m2\repository\net\sourceforge\f2j\arpack_combined_all\0.1\arpack_combined_all-0.1.jar;C:\Users\Junrui Chu\.m2\repository\org\apache\spark\spark-mllib-local_2.12\3.0.0\spark-mllib-local_2.12-3.0.0.jar;C:\Users\Junrui Chu\.m2\repository\org\scalanlp\breeze_2.12\1.0\breeze_2.12-1.0.jar;C:\Users\Junrui Chu\.m2\repository\org\scalanlp\breeze-macros_2.12\1.0\breeze-macros_2.12-1.0.jar;C:\Users\Junrui Chu\.m2\repository\net\sf\opencsv\opencsv\2.3\opencsv-2.3.jar;C:\Users\Junrui Chu\.m2\repository\com\github\wendykierp\JTransforms\3.1\JTransforms-3.1.jar;C:\Users\Junrui Chu\.m2\repository\pl\edu\icm\JLargeArrays\1.5\JLargeArrays-1.5.jar;C:\Users\Junrui Chu\.m2\repository\com\chuusai\shapeless_2.12\2.3.3\shapeless_2.12-2.3.3.jar;C:\Users\Junrui Chu\.m2\repository\org\typelevel\macro-compat_2.12\1.1.1\macro-compat_2.12-1.1.1.jar;C:\Users\Junrui Chu\.m2\repository\org\typelevel\spire_2.12\0.17.0-M1\spire_2.12-0.17.0-M1.jar;C:\Users\Junrui Chu\.m2\repository\org\typelevel\spire-macros_2.12\0.17.0-M1\spire-macros_2.12-0.17.0-M1.jar;C:\Users\Junrui Chu\.m2\repository\org\typelevel\spire-platform_2.12\0.17.0-M1\spire-platform_2.12-0.17.0-M1.jar;C:\Users\Junrui Chu\.m2\repository\org\typelevel\spire-util_2.12\0.17.0-M1\spire-util_2.12-0.17.0-M1.jar;C:\Users\Junrui Chu\.m2\repository\org\typelevel\machinist_2.12\0.6.8\machinist_2.12-0.6.8.jar;C:\Users\Junrui Chu\.m2\repository\org\typelevel\algebra_2.12\2.0.0-M2\algebra_2.12-2.0.0-M2.jar;C:\Users\Junrui Chu\.m2\repository\org\typelevel\cats-kernel_2.12\2.0.0-M4\cats-kernel_2.12-2.0.0-M4.jar;C:\Users\Junrui Chu\.m2\repository\org\scala-lang\modules\scala-collection-compat_2.12\2.1.1\scala-collection-compat_2.12-2.1.1.jar;C:\Users\Junrui Chu\.m2\repository\org\glassfish\jaxb\jaxb-runtime\2.3.3\jaxb-runtime-2.3.3.jar;C:\Users\Junrui Chu\.m2\repository\com\sun\istack\istack-commons-runtime\3.0.11\istack-commons-runtime-3.0.11.jar;C:\Users\Junrui Chu\.m2\repository\com\sun\activation\jakarta.activation\1.2.2\jakarta.activation-1.2.2.jar;C:\Users\Junrui Chu\.m2\repository\org\apache\spark\spark-hive_2.12\3.0.0\spark-hive_2.12-3.0.0.jar;C:\Users\Junrui Chu\.m2\repository\org\apache\hive\hive-common\2.3.7\hive-common-2.3.7.jar;C:\Users\Junrui Chu\.m2\repository\commons-cli\commons-cli\1.2\commons-cli-1.2.jar;C:\Users\Junrui Chu\.m2\repository\commons-lang\commons-lang\2.6\commons-lang-2.6.jar;C:\Users\Junrui Chu\.m2\repository\jline\jline\2.12\jline-2.12.jar;C:\Users\Junrui Chu\.m2\repository\com\tdunning\json\1.8\json-1.8.jar;C:\Users\Junrui Chu\.m2\repository\com\github\joshelser\dropwizard-metrics-hadoop-metrics2-reporter\0.1.2\dropwizard-metrics-hadoop-metrics2-reporter-0.1.2.jar;C:\Users\Junrui Chu\.m2\repository\org\apache\hive\hive-exec\2.3.7\hive-exec-2.3.7-core.jar;C:\Users\Junrui Chu\.m2\repository\org\apache\hive\hive-vector-code-gen\2.3.7\hive-vector-code-gen-2.3.7.jar;C:\Users\Junrui Chu\.m2\repository\org\apache\velocity\velocity\1.5\velocity-1.5.jar;C:\Users\Junrui Chu\.m2\repository\commons-io\commons-io\2.4\commons-io-2.4.jar;C:\Users\Junrui Chu\.m2\repository\org\antlr\antlr-runtime\3.5.2\antlr-runtime-3.5.2.jar;C:\Users\Junrui Chu\.m2\repository\org\antlr\ST4\4.0.4\ST4-4.0.4.jar;C:\Users\Junrui Chu\.m2\repository\com\google\code\gson\gson\2.8.6\gson-2.8.6.jar;C:\Users\Junrui Chu\.m2\repository\stax\stax-api\1.0.1\stax-api-1.0.1.jar;C:\Users\Junrui Chu\.m2\repository\org\apache\hive\hive-metastore\2.3.7\hive-metastore-2.3.7.jar;C:\Users\Junrui Chu\.m2\repository\javolution\javolution\5.5.1\javolution-5.5.1.jar;C:\Users\Junrui Chu\.m2\repository\com\google\protobuf\protobuf-java\2.5.0\protobuf-java-2.5.0.jar;C:\Users\Junrui Chu\.m2\repository\com\jolbox\bonecp\0.8.0.RELEASE\bonecp-0.8.0.RELEASE.jar;C:\Users\Junrui Chu\.m2\repository\org\datanucleus\datanucleus-api-jdo\4.2.4\datanucleus-api-jdo-4.2.4.jar;C:\Users\Junrui Chu\.m2\repository\org\datanucleus\datanucleus-rdbms\4.1.19\datanucleus-rdbms-4.1.19.jar;C:\Users\Junrui Chu\.m2\repository\commons-pool\commons-pool\1.6\commons-pool-1.6.jar;C:\Users\Junrui Chu\.m2\repository\commons-dbcp\commons-dbcp\1.4\commons-dbcp-1.4.jar;C:\Users\Junrui Chu\.m2\repository\javax\jdo\jdo-api\3.0.1\jdo-api-3.0.1.jar;C:\Users\Junrui Chu\.m2\repository\javax\transaction\jta\1.1\jta-1.1.jar;C:\Users\Junrui Chu\.m2\repository\org\datanucleus\javax.jdo\3.2.0-m3\javax.jdo-3.2.0-m3.jar;C:\Users\Junrui Chu\.m2\repository\javax\transaction\transaction-api\1.1\transaction-api-1.1.jar;C:\Users\Junrui Chu\.m2\repository\org\apache\hive\hive-serde\2.3.7\hive-serde-2.3.7.jar;C:\Users\Junrui Chu\.m2\repository\org\apache\hive\hive-shims\2.3.7\hive-shims-2.3.7.jar;C:\Users\Junrui Chu\.m2\repository\org\apache\hive\shims\hive-shims-common\2.3.7\hive-shims-common-2.3.7.jar;C:\Users\Junrui Chu\.m2\repository\org\apache\hive\shims\hive-shims-0.23\2.3.7\hive-shims-0.23-2.3.7.jar;C:\Users\Junrui Chu\.m2\repository\org\apache\hive\shims\hive-shims-scheduler\2.3.7\hive-shims-scheduler-2.3.7.jar;C:\Users\Junrui Chu\.m2\repository\org\apache\hive\hive-llap-common\2.3.7\hive-llap-common-2.3.7.jar;C:\Users\Junrui Chu\.m2\repository\org\apache\hive\hive-llap-client\2.3.7\hive-llap-client-2.3.7.jar;C:\Users\Junrui Chu\.m2\repository\commons-httpclient\commons-httpclient\3.1\commons-httpclient-3.1.jar;C:\Users\Junrui Chu\.m2\repository\commons-logging\commons-logging\1.0.4\commons-logging-1.0.4.jar;C:\Users\Junrui Chu\.m2\repository\org\codehaus\jackson\jackson-mapper-asl\1.9.13\jackson-mapper-asl-1.9.13.jar;C:\Users\Junrui Chu\.m2\repository\joda-time\joda-time\2.10.5\joda-time-2.10.5.jar;C:\Users\Junrui Chu\.m2\repository\org\jodd\jodd-core\3.5.2\jodd-core-3.5.2.jar;C:\Users\Junrui Chu\.m2\repository\org\datanucleus\datanucleus-core\4.1.17\datanucleus-core-4.1.17.jar;C:\Users\Junrui Chu\.m2\repository\org\apache\thrift\libthrift\0.12.0\libthrift-0.12.0.jar;C:\Users\Junrui Chu\.m2\repository\org\apache\thrift\libfb303\0.9.3\libfb303-0.9.3.jar;C:\Users\Junrui Chu\.m2\repository\org\apache\derby\derby\10.14.2.0\derby-10.14.2.0.jar;C:\Users\Junrui Chu\.m2\repository\org\apache\spark\spark-sql_2.12\3.0.0\spark-sql_2.12-3.0.0.jar;C:\Users\Junrui Chu\.m2\repository\com\univocity\univocity-parsers\2.8.3\univocity-parsers-2.8.3.jar;C:\Users\Junrui Chu\.m2\repository\org\apache\spark\spark-sketch_2.12\3.0.0\spark-sketch_2.12-3.0.0.jar;C:\Users\Junrui Chu\.m2\repository\org\apache\spark\spark-catalyst_2.12\3.0.0\spark-catalyst_2.12-3.0.0.jar;C:\Users\Junrui Chu\.m2\repository\org\antlr\antlr4-runtime\4.7.1\antlr4-runtime-4.7.1.jar;C:\Users\Junrui Chu\.m2\repository\org\apache\arrow\arrow-vector\0.15.1\arrow-vector-0.15.1.jar;C:\Users\Junrui Chu\.m2\repository\org\apache\arrow\arrow-format\0.15.1\arrow-format-0.15.1.jar;C:\Users\Junrui Chu\.m2\repository\org\apache\arrow\arrow-memory\0.15.1\arrow-memory-0.15.1.jar;C:\Users\Junrui Chu\.m2\repository\com\google\flatbuffers\flatbuffers-java\1.9.0\flatbuffers-java-1.9.0.jar;C:\Users\Junrui Chu\.m2\repository\org\apache\orc\orc-core\1.5.10\orc-core-1.5.10.jar;C:\Users\Junrui Chu\.m2\repository\org\apache\orc\orc-shims\1.5.10\orc-shims-1.5.10.jar;C:\Users\Junrui Chu\.m2\repository\io\airlift\aircompressor\0.10\aircompressor-0.10.jar;C:\Users\Junrui Chu\.m2\repository\org\threeten\threeten-extra\1.5.0\threeten-extra-1.5.0.jar;C:\Users\Junrui Chu\.m2\repository\org\apache\orc\orc-mapreduce\1.5.10\orc-mapreduce-1.5.10.jar;C:\Users\Junrui Chu\.m2\repository\org\apache\hive\hive-storage-api\2.7.1\hive-storage-api-2.7.1.jar;C:\Users\Junrui Chu\.m2\repository\org\apache\parquet\parquet-column\1.10.1\parquet-column-1.10.1.jar;C:\Users\Junrui Chu\.m2\repository\org\apache\parquet\parquet-common\1.10.1\parquet-common-1.10.1.jar;C:\Users\Junrui Chu\.m2\repository\org\apache\parquet\parquet-encoding\1.10.1\parquet-encoding-1.10.1.jar;C:\Users\Junrui Chu\.m2\repository\org\apache\parquet\parquet-hadoop\1.10.1\parquet-hadoop-1.10.1.jar;C:\Users\Junrui Chu\.m2\repository\org\apache\parquet\parquet-format\2.4.0\parquet-format-2.4.0.jar;C:\Users\Junrui Chu\.m2\repository\org\apache\parquet\parquet-jackson\1.10.1\parquet-jackson-1.10.1.jar;C:\Users\Junrui Chu\.m2\repository\org\codehaus\janino\janino\3.0.15\janino-3.0.15.jar;C:\Users\Junrui Chu\.m2\repository\org\codehaus\janino\commons-compiler\3.1.2\commons-compiler-3.1.2.jar;C:\Users\Junrui Chu\.m2\repository\org\springframework\boot\spring-boot-starter-mail\2.4.1\spring-boot-starter-mail-2.4.1.jar;C:\Users\Junrui Chu\.m2\repository\org\springframework\spring-context-support\5.3.2\spring-context-support-5.3.2.jar;C:\Users\Junrui Chu\.m2\repository\com\sun\mail\jakarta.mail\1.6.5\jakarta.mail-1.6.5.jar;"/>
    <property name="java.vm.vendor" value="Oracle Corporation"/>
    <property name="sun.arch.data.model" value="64"/>
    <property name="user.variant" value=""/>
    <property name="java.vendor.url" value="http://java.oracle.com/"/>
    <property name="user.timezone" value="Asia/Shanghai"/>
    <property name="java.vm.specification.version" value="1.8"/>
    <property name="os.name" value="Windows 10"/>
    <property name="user.country" value="CN"/>
    <property name="sun.java.launcher" value="SUN_STANDARD"/>
    <property name="sun.boot.library.path" value="D:\environment\java\jdk\jre\bin"/>
    <property name="sun.java.command" value="C:\Users\JUNRUI~1\AppData\Local\Temp\surefire3986954961316200046\surefirebooter6321947085160846112.jar C:\Users\Junrui Chu\AppData\Local\Temp\surefire3986954961316200046 2021-06-10T17-35-39_325-jvmRun1 surefire669442550599365470tmp surefire_02497035994196240546tmp"/>
    <property name="surefire.test.class.path" value="G:\毕设\class-assistant-server\target\test-classes;G:\毕设\class-assistant-server\target\classes;C:\Users\Junrui Chu\.m2\repository\org\springframework\boot\spring-boot-starter-data-redis\2.4.1\spring-boot-starter-data-redis-2.4.1.jar;C:\Users\Junrui Chu\.m2\repository\org\springframework\boot\spring-boot-starter\2.4.1\spring-boot-starter-2.4.1.jar;C:\Users\Junrui Chu\.m2\repository\org\springframework\boot\spring-boot-starter-logging\2.4.1\spring-boot-starter-logging-2.4.1.jar;C:\Users\Junrui Chu\.m2\repository\ch\qos\logback\logback-classic\1.2.3\logback-classic-1.2.3.jar;C:\Users\Junrui Chu\.m2\repository\ch\qos\logback\logback-core\1.2.3\logback-core-1.2.3.jar;C:\Users\Junrui Chu\.m2\repository\org\apache\logging\log4j\log4j-to-slf4j\2.13.3\log4j-to-slf4j-2.13.3.jar;C:\Users\Junrui Chu\.m2\repository\org\apache\logging\log4j\log4j-api\2.13.3\log4j-api-2.13.3.jar;C:\Users\Junrui Chu\.m2\repository\jakarta\annotation\jakarta.annotation-api\1.3.5\jakarta.annotation-api-1.3.5.jar;C:\Users\Junrui Chu\.m2\repository\org\yaml\snakeyaml\1.27\snakeyaml-1.27.jar;C:\Users\Junrui Chu\.m2\repository\org\springframework\data\spring-data-redis\2.4.2\spring-data-redis-2.4.2.jar;C:\Users\Junrui Chu\.m2\repository\org\springframework\data\spring-data-keyvalue\2.4.2\spring-data-keyvalue-2.4.2.jar;C:\Users\Junrui Chu\.m2\repository\org\springframework\data\spring-data-commons\2.4.2\spring-data-commons-2.4.2.jar;C:\Users\Junrui Chu\.m2\repository\org\springframework\spring-tx\5.3.2\spring-tx-5.3.2.jar;C:\Users\Junrui Chu\.m2\repository\org\springframework\spring-oxm\5.3.2\spring-oxm-5.3.2.jar;C:\Users\Junrui Chu\.m2\repository\org\springframework\spring-aop\5.3.2\spring-aop-5.3.2.jar;C:\Users\Junrui Chu\.m2\repository\io\lettuce\lettuce-core\6.0.1.RELEASE\lettuce-core-6.0.1.RELEASE.jar;C:\Users\Junrui Chu\.m2\repository\io\netty\netty-common\4.1.55.Final\netty-common-4.1.55.Final.jar;C:\Users\Junrui Chu\.m2\repository\io\netty\netty-handler\4.1.55.Final\netty-handler-4.1.55.Final.jar;C:\Users\Junrui Chu\.m2\repository\io\netty\netty-resolver\4.1.55.Final\netty-resolver-4.1.55.Final.jar;C:\Users\Junrui Chu\.m2\repository\io\netty\netty-buffer\4.1.55.Final\netty-buffer-4.1.55.Final.jar;C:\Users\Junrui Chu\.m2\repository\io\netty\netty-codec\4.1.55.Final\netty-codec-4.1.55.Final.jar;C:\Users\Junrui Chu\.m2\repository\io\netty\netty-transport\4.1.55.Final\netty-transport-4.1.55.Final.jar;C:\Users\Junrui Chu\.m2\repository\io\projectreactor\reactor-core\3.4.1\reactor-core-3.4.1.jar;C:\Users\Junrui Chu\.m2\repository\org\reactivestreams\reactive-streams\1.0.3\reactive-streams-1.0.3.jar;C:\Users\Junrui Chu\.m2\repository\org\springframework\boot\spring-boot-starter-web\2.4.1\spring-boot-starter-web-2.4.1.jar;C:\Users\Junrui Chu\.m2\repository\org\springframework\boot\spring-boot-starter-json\2.4.1\spring-boot-starter-json-2.4.1.jar;C:\Users\Junrui Chu\.m2\repository\com\fasterxml\jackson\datatype\jackson-datatype-jdk8\2.11.3\jackson-datatype-jdk8-2.11.3.jar;C:\Users\Junrui Chu\.m2\repository\com\fasterxml\jackson\datatype\jackson-datatype-jsr310\2.11.3\jackson-datatype-jsr310-2.11.3.jar;C:\Users\Junrui Chu\.m2\repository\com\fasterxml\jackson\module\jackson-module-parameter-names\2.11.3\jackson-module-parameter-names-2.11.3.jar;C:\Users\Junrui Chu\.m2\repository\org\springframework\boot\spring-boot-starter-tomcat\2.4.1\spring-boot-starter-tomcat-2.4.1.jar;C:\Users\Junrui Chu\.m2\repository\org\apache\tomcat\embed\tomcat-embed-core\9.0.41\tomcat-embed-core-9.0.41.jar;C:\Users\Junrui Chu\.m2\repository\org\glassfish\jakarta.el\3.0.3\jakarta.el-3.0.3.jar;C:\Users\Junrui Chu\.m2\repository\org\apache\tomcat\embed\tomcat-embed-websocket\9.0.41\tomcat-embed-websocket-9.0.41.jar;C:\Users\Junrui Chu\.m2\repository\org\springframework\spring-web\5.3.2\spring-web-5.3.2.jar;C:\Users\Junrui Chu\.m2\repository\org\springframework\spring-beans\5.3.2\spring-beans-5.3.2.jar;C:\Users\Junrui Chu\.m2\repository\org\springframework\spring-webmvc\5.3.2\spring-webmvc-5.3.2.jar;C:\Users\Junrui Chu\.m2\repository\org\springframework\spring-context\5.3.2\spring-context-5.3.2.jar;C:\Users\Junrui Chu\.m2\repository\org\springframework\spring-expression\5.3.2\spring-expression-5.3.2.jar;C:\Users\Junrui Chu\.m2\repository\org\mybatis\spring\boot\mybatis-spring-boot-starter\2.1.4\mybatis-spring-boot-starter-2.1.4.jar;C:\Users\Junrui Chu\.m2\repository\org\springframework\boot\spring-boot-starter-jdbc\2.4.1\spring-boot-starter-jdbc-2.4.1.jar;C:\Users\Junrui Chu\.m2\repository\com\zaxxer\HikariCP\3.4.5\HikariCP-3.4.5.jar;C:\Users\Junrui Chu\.m2\repository\org\springframework\spring-jdbc\5.3.2\spring-jdbc-5.3.2.jar;C:\Users\Junrui Chu\.m2\repository\org\mybatis\spring\boot\mybatis-spring-boot-autoconfigure\2.1.4\mybatis-spring-boot-autoconfigure-2.1.4.jar;C:\Users\Junrui Chu\.m2\repository\org\mybatis\mybatis\3.5.6\mybatis-3.5.6.jar;C:\Users\Junrui Chu\.m2\repository\org\mybatis\mybatis-spring\2.0.6\mybatis-spring-2.0.6.jar;C:\Users\Junrui Chu\.m2\repository\com\github\pagehelper\pagehelper-spring-boot-starter\1.2.3\pagehelper-spring-boot-starter-1.2.3.jar;C:\Users\Junrui Chu\.m2\repository\com\github\pagehelper\pagehelper-spring-boot-autoconfigure\1.2.3\pagehelper-spring-boot-autoconfigure-1.2.3.jar;C:\Users\Junrui Chu\.m2\repository\com\github\pagehelper\pagehelper\5.1.2\pagehelper-5.1.2.jar;C:\Users\Junrui Chu\.m2\repository\com\github\jsqlparser\jsqlparser\1.0\jsqlparser-1.0.jar;C:\Users\Junrui Chu\.m2\repository\org\springframework\boot\spring-boot-starter-websocket\2.4.1\spring-boot-starter-websocket-2.4.1.jar;C:\Users\Junrui Chu\.m2\repository\org\springframework\spring-messaging\5.3.2\spring-messaging-5.3.2.jar;C:\Users\Junrui Chu\.m2\repository\org\springframework\spring-websocket\5.3.2\spring-websocket-5.3.2.jar;C:\Users\Junrui Chu\.m2\repository\mysql\mysql-connector-java\8.0.22\mysql-connector-java-8.0.22.jar;C:\Users\Junrui Chu\.m2\repository\org\projectlombok\lombok\1.18.16\lombok-1.18.16.jar;C:\Users\Junrui Chu\.m2\repository\com\github\penggle\kaptcha\2.3.2\kaptcha-2.3.2.jar;C:\Users\Junrui Chu\.m2\repository\javax\servlet\javax.servlet-api\4.0.1\javax.servlet-api-4.0.1.jar;C:\Users\Junrui Chu\.m2\repository\com\jhlabs\filters\2.0.235-1\filters-2.0.235-1.jar;C:\Users\Junrui Chu\.m2\repository\org\springframework\boot\spring-boot-devtools\2.4.1\spring-boot-devtools-2.4.1.jar;C:\Users\Junrui Chu\.m2\repository\org\springframework\boot\spring-boot\2.4.1\spring-boot-2.4.1.jar;C:\Users\Junrui Chu\.m2\repository\org\springframework\boot\spring-boot-autoconfigure\2.4.1\spring-boot-autoconfigure-2.4.1.jar;C:\Users\Junrui Chu\.m2\repository\com\alibaba\druid-spring-boot-starter\1.1.10\druid-spring-boot-starter-1.1.10.jar;C:\Users\Junrui Chu\.m2\repository\com\alibaba\druid\1.1.10\druid-1.1.10.jar;C:\Users\Junrui Chu\.m2\repository\org\slf4j\slf4j-api\1.7.30\slf4j-api-1.7.30.jar;C:\Users\Junrui Chu\.m2\repository\org\springframework\boot\spring-boot-starter-test\2.4.1\spring-boot-starter-test-2.4.1.jar;C:\Users\Junrui Chu\.m2\repository\org\springframework\boot\spring-boot-test\2.4.1\spring-boot-test-2.4.1.jar;C:\Users\Junrui Chu\.m2\repository\org\springframework\boot\spring-boot-test-autoconfigure\2.4.1\spring-boot-test-autoconfigure-2.4.1.jar;C:\Users\Junrui Chu\.m2\repository\com\jayway\jsonpath\json-path\2.4.0\json-path-2.4.0.jar;C:\Users\Junrui Chu\.m2\repository\net\minidev\json-smart\2.3\json-smart-2.3.jar;C:\Users\Junrui Chu\.m2\repository\net\minidev\accessors-smart\1.2\accessors-smart-1.2.jar;C:\Users\Junrui Chu\.m2\repository\org\ow2\asm\asm\5.0.4\asm-5.0.4.jar;C:\Users\Junrui Chu\.m2\repository\jakarta\xml\bind\jakarta.xml.bind-api\2.3.3\jakarta.xml.bind-api-2.3.3.jar;C:\Users\Junrui Chu\.m2\repository\jakarta\activation\jakarta.activation-api\1.2.2\jakarta.activation-api-1.2.2.jar;C:\Users\Junrui Chu\.m2\repository\org\assertj\assertj-core\3.18.1\assertj-core-3.18.1.jar;C:\Users\Junrui Chu\.m2\repository\org\hamcrest\hamcrest\2.2\hamcrest-2.2.jar;C:\Users\Junrui Chu\.m2\repository\org\junit\jupiter\junit-jupiter\5.7.0\junit-jupiter-5.7.0.jar;C:\Users\Junrui Chu\.m2\repository\org\junit\jupiter\junit-jupiter-api\5.7.0\junit-jupiter-api-5.7.0.jar;C:\Users\Junrui Chu\.m2\repository\org\apiguardian\apiguardian-api\1.1.0\apiguardian-api-1.1.0.jar;C:\Users\Junrui Chu\.m2\repository\org\opentest4j\opentest4j\1.2.0\opentest4j-1.2.0.jar;C:\Users\Junrui Chu\.m2\repository\org\junit\platform\junit-platform-commons\1.7.0\junit-platform-commons-1.7.0.jar;C:\Users\Junrui Chu\.m2\repository\org\junit\jupiter\junit-jupiter-params\5.7.0\junit-jupiter-params-5.7.0.jar;C:\Users\Junrui Chu\.m2\repository\org\junit\jupiter\junit-jupiter-engine\5.7.0\junit-jupiter-engine-5.7.0.jar;C:\Users\Junrui Chu\.m2\repository\org\junit\platform\junit-platform-engine\1.7.0\junit-platform-engine-1.7.0.jar;C:\Users\Junrui Chu\.m2\repository\org\mockito\mockito-core\3.6.28\mockito-core-3.6.28.jar;C:\Users\Junrui Chu\.m2\repository\net\bytebuddy\byte-buddy\1.10.18\byte-buddy-1.10.18.jar;C:\Users\Junrui Chu\.m2\repository\net\bytebuddy\byte-buddy-agent\1.10.18\byte-buddy-agent-1.10.18.jar;C:\Users\Junrui Chu\.m2\repository\org\objenesis\objenesis\3.1\objenesis-3.1.jar;C:\Users\Junrui Chu\.m2\repository\org\mockito\mockito-junit-jupiter\3.6.28\mockito-junit-jupiter-3.6.28.jar;C:\Users\Junrui Chu\.m2\repository\org\skyscreamer\jsonassert\1.5.0\jsonassert-1.5.0.jar;C:\Users\Junrui Chu\.m2\repository\com\vaadin\external\google\android-json\0.0.20131108.vaadin1\android-json-0.0.20131108.vaadin1.jar;C:\Users\Junrui Chu\.m2\repository\org\springframework\spring-core\5.3.2\spring-core-5.3.2.jar;C:\Users\Junrui Chu\.m2\repository\org\springframework\spring-jcl\5.3.2\spring-jcl-5.3.2.jar;C:\Users\Junrui Chu\.m2\repository\org\springframework\spring-test\5.3.2\spring-test-5.3.2.jar;C:\Users\Junrui Chu\.m2\repository\org\xmlunit\xmlunit-core\2.7.0\xmlunit-core-2.7.0.jar;C:\Users\Junrui Chu\.m2\repository\org\apache\httpcomponents\httpclient\4.5.6\httpclient-4.5.6.jar;C:\Users\Junrui Chu\.m2\repository\org\apache\httpcomponents\httpcore\4.4.14\httpcore-4.4.14.jar;C:\Users\Junrui Chu\.m2\repository\commons-codec\commons-codec\1.15\commons-codec-1.15.jar;C:\Users\Junrui Chu\.m2\repository\com\alibaba\fastjson\1.2.73\fastjson-1.2.73.jar;C:\Users\Junrui Chu\.m2\repository\io\springfox\springfox-swagger2\2.7.0\springfox-swagger2-2.7.0.jar;C:\Users\Junrui Chu\.m2\repository\io\swagger\swagger-annotations\1.5.13\swagger-annotations-1.5.13.jar;C:\Users\Junrui Chu\.m2\repository\io\swagger\swagger-models\1.5.13\swagger-models-1.5.13.jar;C:\Users\Junrui Chu\.m2\repository\com\fasterxml\jackson\core\jackson-annotations\2.11.3\jackson-annotations-2.11.3.jar;C:\Users\Junrui Chu\.m2\repository\io\springfox\springfox-spi\2.7.0\springfox-spi-2.7.0.jar;C:\Users\Junrui Chu\.m2\repository\io\springfox\springfox-core\2.7.0\springfox-core-2.7.0.jar;C:\Users\Junrui Chu\.m2\repository\io\springfox\springfox-schema\2.7.0\springfox-schema-2.7.0.jar;C:\Users\Junrui Chu\.m2\repository\io\springfox\springfox-swagger-common\2.7.0\springfox-swagger-common-2.7.0.jar;C:\Users\Junrui Chu\.m2\repository\io\springfox\springfox-spring-web\2.7.0\springfox-spring-web-2.7.0.jar;C:\Users\Junrui Chu\.m2\repository\org\reflections\reflections\0.9.11\reflections-0.9.11.jar;C:\Users\Junrui Chu\.m2\repository\com\google\guava\guava\18.0\guava-18.0.jar;C:\Users\Junrui Chu\.m2\repository\com\fasterxml\classmate\1.5.1\classmate-1.5.1.jar;C:\Users\Junrui Chu\.m2\repository\org\springframework\plugin\spring-plugin-core\1.2.0.RELEASE\spring-plugin-core-1.2.0.RELEASE.jar;C:\Users\Junrui Chu\.m2\repository\org\springframework\plugin\spring-plugin-metadata\1.2.0.RELEASE\spring-plugin-metadata-1.2.0.RELEASE.jar;C:\Users\Junrui Chu\.m2\repository\org\mapstruct\mapstruct\1.1.0.Final\mapstruct-1.1.0.Final.jar;C:\Users\Junrui Chu\.m2\repository\io\springfox\springfox-swagger-ui\2.7.0\springfox-swagger-ui-2.7.0.jar;C:\Users\Junrui Chu\.m2\repository\org\scala-lang\scala-library\2.12.11\scala-library-2.12.11.jar;C:\Users\Junrui Chu\.m2\repository\org\apache\spark\spark-core_2.12\3.0.0\spark-core_2.12-3.0.0.jar;C:\Users\Junrui Chu\.m2\repository\com\thoughtworks\paranamer\paranamer\2.8\paranamer-2.8.jar;C:\Users\Junrui Chu\.m2\repository\org\apache\avro\avro\1.8.2\avro-1.8.2.jar;C:\Users\Junrui Chu\.m2\repository\org\codehaus\jackson\jackson-core-asl\1.9.13\jackson-core-asl-1.9.13.jar;C:\Users\Junrui Chu\.m2\repository\org\apache\commons\commons-compress\1.8.1\commons-compress-1.8.1.jar;C:\Users\Junrui Chu\.m2\repository\org\tukaani\xz\1.5\xz-1.5.jar;C:\Users\Junrui Chu\.m2\repository\org\apache\avro\avro-mapred\1.8.2\avro-mapred-1.8.2-hadoop2.jar;C:\Users\Junrui Chu\.m2\repository\org\apache\avro\avro-ipc\1.8.2\avro-ipc-1.8.2.jar;C:\Users\Junrui Chu\.m2\repository\com\twitter\chill_2.12\0.9.5\chill_2.12-0.9.5.jar;C:\Users\Junrui Chu\.m2\repository\com\esotericsoftware\kryo-shaded\4.0.2\kryo-shaded-4.0.2.jar;C:\Users\Junrui Chu\.m2\repository\com\esotericsoftware\minlog\1.3.0\minlog-1.3.0.jar;C:\Users\Junrui Chu\.m2\repository\com\twitter\chill-java\0.9.5\chill-java-0.9.5.jar;C:\Users\Junrui Chu\.m2\repository\org\apache\xbean\xbean-asm7-shaded\4.15\xbean-asm7-shaded-4.15.jar;C:\Users\Junrui Chu\.m2\repository\org\apache\hadoop\hadoop-client\2.7.4\hadoop-client-2.7.4.jar;C:\Users\Junrui Chu\.m2\repository\org\apache\hadoop\hadoop-common\2.7.4\hadoop-common-2.7.4.jar;C:\Users\Junrui Chu\.m2\repository\xmlenc\xmlenc\0.52\xmlenc-0.52.jar;C:\Users\Junrui Chu\.m2\repository\commons-collections\commons-collections\3.2.2\commons-collections-3.2.2.jar;C:\Users\Junrui Chu\.m2\repository\org\mortbay\jetty\jetty-sslengine\6.1.26\jetty-sslengine-6.1.26.jar;C:\Users\Junrui Chu\.m2\repository\javax\servlet\jsp\jsp-api\2.1\jsp-api-2.1.jar;C:\Users\Junrui Chu\.m2\repository\commons-configuration\commons-configuration\1.6\commons-configuration-1.6.jar;C:\Users\Junrui Chu\.m2\repository\commons-digester\commons-digester\1.8\commons-digester-1.8.jar;C:\Users\Junrui Chu\.m2\repository\commons-beanutils\commons-beanutils\1.7.0\commons-beanutils-1.7.0.jar;C:\Users\Junrui Chu\.m2\repository\org\apache\hadoop\hadoop-auth\2.7.4\hadoop-auth-2.7.4.jar;C:\Users\Junrui Chu\.m2\repository\org\apache\directory\server\apacheds-kerberos-codec\2.0.0-M15\apacheds-kerberos-codec-2.0.0-M15.jar;C:\Users\Junrui Chu\.m2\repository\org\apache\directory\server\apacheds-i18n\2.0.0-M15\apacheds-i18n-2.0.0-M15.jar;C:\Users\Junrui Chu\.m2\repository\org\apache\directory\api\api-asn1-api\1.0.0-M20\api-asn1-api-1.0.0-M20.jar;C:\Users\Junrui Chu\.m2\repository\org\apache\directory\api\api-util\1.0.0-M20\api-util-1.0.0-M20.jar;C:\Users\Junrui Chu\.m2\repository\org\apache\curator\curator-client\2.7.1\curator-client-2.7.1.jar;C:\Users\Junrui Chu\.m2\repository\org\apache\htrace\htrace-core\3.1.0-incubating\htrace-core-3.1.0-incubating.jar;C:\Users\Junrui Chu\.m2\repository\org\apache\hadoop\hadoop-hdfs\2.7.4\hadoop-hdfs-2.7.4.jar;C:\Users\Junrui Chu\.m2\repository\org\mortbay\jetty\jetty-util\6.1.26\jetty-util-6.1.26.jar;C:\Users\Junrui Chu\.m2\repository\xerces\xercesImpl\2.9.1\xercesImpl-2.9.1.jar;C:\Users\Junrui Chu\.m2\repository\xml-apis\xml-apis\1.3.04\xml-apis-1.3.04.jar;C:\Users\Junrui Chu\.m2\repository\org\apache\hadoop\hadoop-mapreduce-client-app\2.7.4\hadoop-mapreduce-client-app-2.7.4.jar;C:\Users\Junrui Chu\.m2\repository\org\apache\hadoop\hadoop-mapreduce-client-common\2.7.4\hadoop-mapreduce-client-common-2.7.4.jar;C:\Users\Junrui Chu\.m2\repository\org\apache\hadoop\hadoop-yarn-client\2.7.4\hadoop-yarn-client-2.7.4.jar;C:\Users\Junrui Chu\.m2\repository\org\apache\hadoop\hadoop-yarn-server-common\2.7.4\hadoop-yarn-server-common-2.7.4.jar;C:\Users\Junrui Chu\.m2\repository\org\apache\hadoop\hadoop-mapreduce-client-shuffle\2.7.4\hadoop-mapreduce-client-shuffle-2.7.4.jar;C:\Users\Junrui Chu\.m2\repository\org\apache\hadoop\hadoop-yarn-api\2.7.4\hadoop-yarn-api-2.7.4.jar;C:\Users\Junrui Chu\.m2\repository\org\apache\hadoop\hadoop-mapreduce-client-core\2.7.4\hadoop-mapreduce-client-core-2.7.4.jar;C:\Users\Junrui Chu\.m2\repository\org\apache\hadoop\hadoop-yarn-common\2.7.4\hadoop-yarn-common-2.7.4.jar;C:\Users\Junrui Chu\.m2\repository\javax\xml\bind\jaxb-api\2.3.1\jaxb-api-2.3.1.jar;C:\Users\Junrui Chu\.m2\repository\javax\activation\javax.activation-api\1.2.0\javax.activation-api-1.2.0.jar;C:\Users\Junrui Chu\.m2\repository\org\codehaus\jackson\jackson-jaxrs\1.9.13\jackson-jaxrs-1.9.13.jar;C:\Users\Junrui Chu\.m2\repository\org\codehaus\jackson\jackson-xc\1.9.13\jackson-xc-1.9.13.jar;C:\Users\Junrui Chu\.m2\repository\org\apache\hadoop\hadoop-mapreduce-client-jobclient\2.7.4\hadoop-mapreduce-client-jobclient-2.7.4.jar;C:\Users\Junrui Chu\.m2\repository\org\apache\hadoop\hadoop-annotations\2.7.4\hadoop-annotations-2.7.4.jar;C:\Users\Junrui Chu\.m2\repository\org\apache\spark\spark-launcher_2.12\3.0.0\spark-launcher_2.12-3.0.0.jar;C:\Users\Junrui Chu\.m2\repository\org\apache\spark\spark-kvstore_2.12\3.0.0\spark-kvstore_2.12-3.0.0.jar;C:\Users\Junrui Chu\.m2\repository\org\fusesource\leveldbjni\leveldbjni-all\1.8\leveldbjni-all-1.8.jar;C:\Users\Junrui Chu\.m2\repository\com\fasterxml\jackson\core\jackson-core\2.11.3\jackson-core-2.11.3.jar;C:\Users\Junrui Chu\.m2\repository\org\apache\spark\spark-network-common_2.12\3.0.0\spark-network-common_2.12-3.0.0.jar;C:\Users\Junrui Chu\.m2\repository\org\apache\spark\spark-network-shuffle_2.12\3.0.0\spark-network-shuffle_2.12-3.0.0.jar;C:\Users\Junrui Chu\.m2\repository\org\apache\spark\spark-unsafe_2.12\3.0.0\spark-unsafe_2.12-3.0.0.jar;C:\Users\Junrui Chu\.m2\repository\javax\activation\activation\1.1.1\activation-1.1.1.jar;C:\Users\Junrui Chu\.m2\repository\org\apache\curator\curator-recipes\2.7.1\curator-recipes-2.7.1.jar;C:\Users\Junrui Chu\.m2\repository\org\apache\curator\curator-framework\2.7.1\curator-framework-2.7.1.jar;C:\Users\Junrui Chu\.m2\repository\org\apache\zookeeper\zookeeper\3.4.14\zookeeper-3.4.14.jar;C:\Users\Junrui Chu\.m2\repository\org\apache\yetus\audience-annotations\0.5.0\audience-annotations-0.5.0.jar;C:\Users\Junrui Chu\.m2\repository\org\apache\commons\commons-lang3\3.11\commons-lang3-3.11.jar;C:\Users\Junrui Chu\.m2\repository\org\apache\commons\commons-math3\3.4.1\commons-math3-3.4.1.jar;C:\Users\Junrui Chu\.m2\repository\org\apache\commons\commons-text\1.6\commons-text-1.6.jar;C:\Users\Junrui Chu\.m2\repository\com\google\code\findbugs\jsr305\3.0.0\jsr305-3.0.0.jar;C:\Users\Junrui Chu\.m2\repository\org\slf4j\jul-to-slf4j\1.7.30\jul-to-slf4j-1.7.30.jar;C:\Users\Junrui Chu\.m2\repository\org\slf4j\jcl-over-slf4j\1.7.30\jcl-over-slf4j-1.7.30.jar;C:\Users\Junrui Chu\.m2\repository\log4j\log4j\1.2.17\log4j-1.2.17.jar;C:\Users\Junrui Chu\.m2\repository\org\slf4j\slf4j-log4j12\1.7.30\slf4j-log4j12-1.7.30.jar;C:\Users\Junrui Chu\.m2\repository\com\ning\compress-lzf\1.0.3\compress-lzf-1.0.3.jar;C:\Users\Junrui Chu\.m2\repository\org\xerial\snappy\snappy-java\1.1.7.5\snappy-java-1.1.7.5.jar;C:\Users\Junrui Chu\.m2\repository\org\lz4\lz4-java\1.7.1\lz4-java-1.7.1.jar;C:\Users\Junrui Chu\.m2\repository\com\github\luben\zstd-jni\1.4.4-3\zstd-jni-1.4.4-3.jar;C:\Users\Junrui Chu\.m2\repository\org\roaringbitmap\RoaringBitmap\0.7.45\RoaringBitmap-0.7.45.jar;C:\Users\Junrui Chu\.m2\repository\org\roaringbitmap\shims\0.7.45\shims-0.7.45.jar;C:\Users\Junrui Chu\.m2\repository\commons-net\commons-net\3.1\commons-net-3.1.jar;C:\Users\Junrui Chu\.m2\repository\org\scala-lang\modules\scala-xml_2.12\1.2.0\scala-xml_2.12-1.2.0.jar;C:\Users\Junrui Chu\.m2\repository\org\scala-lang\scala-reflect\2.12.10\scala-reflect-2.12.10.jar;C:\Users\Junrui Chu\.m2\repository\org\json4s\json4s-jackson_2.12\3.6.6\json4s-jackson_2.12-3.6.6.jar;C:\Users\Junrui Chu\.m2\repository\org\json4s\json4s-core_2.12\3.6.6\json4s-core_2.12-3.6.6.jar;C:\Users\Junrui Chu\.m2\repository\org\json4s\json4s-ast_2.12\3.6.6\json4s-ast_2.12-3.6.6.jar;C:\Users\Junrui Chu\.m2\repository\org\json4s\json4s-scalap_2.12\3.6.6\json4s-scalap_2.12-3.6.6.jar;C:\Users\Junrui Chu\.m2\repository\org\glassfish\jersey\core\jersey-client\2.32\jersey-client-2.32.jar;C:\Users\Junrui Chu\.m2\repository\jakarta\ws\rs\jakarta.ws.rs-api\2.1.6\jakarta.ws.rs-api-2.1.6.jar;C:\Users\Junrui Chu\.m2\repository\org\glassfish\hk2\external\jakarta.inject\2.6.1\jakarta.inject-2.6.1.jar;C:\Users\Junrui Chu\.m2\repository\org\glassfish\jersey\core\jersey-common\2.32\jersey-common-2.32.jar;C:\Users\Junrui Chu\.m2\repository\org\glassfish\hk2\osgi-resource-locator\1.0.3\osgi-resource-locator-1.0.3.jar;C:\Users\Junrui Chu\.m2\repository\org\glassfish\jersey\core\jersey-server\2.32\jersey-server-2.32.jar;C:\Users\Junrui Chu\.m2\repository\org\glassfish\jersey\media\jersey-media-jaxb\2.32\jersey-media-jaxb-2.32.jar;C:\Users\Junrui Chu\.m2\repository\jakarta\validation\jakarta.validation-api\2.0.2\jakarta.validation-api-2.0.2.jar;C:\Users\Junrui Chu\.m2\repository\org\glassfish\jersey\containers\jersey-container-servlet\2.32\jersey-container-servlet-2.32.jar;C:\Users\Junrui Chu\.m2\repository\org\glassfish\jersey\containers\jersey-container-servlet-core\2.32\jersey-container-servlet-core-2.32.jar;C:\Users\Junrui Chu\.m2\repository\org\glassfish\jersey\inject\jersey-hk2\2.32\jersey-hk2-2.32.jar;C:\Users\Junrui Chu\.m2\repository\org\glassfish\hk2\hk2-locator\2.6.1\hk2-locator-2.6.1.jar;C:\Users\Junrui Chu\.m2\repository\org\glassfish\hk2\external\aopalliance-repackaged\2.6.1\aopalliance-repackaged-2.6.1.jar;C:\Users\Junrui Chu\.m2\repository\org\glassfish\hk2\hk2-api\2.6.1\hk2-api-2.6.1.jar;C:\Users\Junrui Chu\.m2\repository\org\glassfish\hk2\hk2-utils\2.6.1\hk2-utils-2.6.1.jar;C:\Users\Junrui Chu\.m2\repository\org\javassist\javassist\3.25.0-GA\javassist-3.25.0-GA.jar;C:\Users\Junrui Chu\.m2\repository\io\netty\netty-all\4.1.55.Final\netty-all-4.1.55.Final.jar;C:\Users\Junrui Chu\.m2\repository\com\clearspring\analytics\stream\2.9.6\stream-2.9.6.jar;C:\Users\Junrui Chu\.m2\repository\io\dropwizard\metrics\metrics-core\4.1.16\metrics-core-4.1.16.jar;C:\Users\Junrui Chu\.m2\repository\io\dropwizard\metrics\metrics-jvm\4.1.16\metrics-jvm-4.1.16.jar;C:\Users\Junrui Chu\.m2\repository\io\dropwizard\metrics\metrics-json\4.1.16\metrics-json-4.1.16.jar;C:\Users\Junrui Chu\.m2\repository\io\dropwizard\metrics\metrics-graphite\4.1.16\metrics-graphite-4.1.16.jar;C:\Users\Junrui Chu\.m2\repository\io\dropwizard\metrics\metrics-jmx\4.1.16\metrics-jmx-4.1.16.jar;C:\Users\Junrui Chu\.m2\repository\com\fasterxml\jackson\core\jackson-databind\2.11.3\jackson-databind-2.11.3.jar;C:\Users\Junrui Chu\.m2\repository\com\fasterxml\jackson\module\jackson-module-scala_2.12\2.11.3\jackson-module-scala_2.12-2.11.3.jar;C:\Users\Junrui Chu\.m2\repository\com\fasterxml\jackson\module\jackson-module-paranamer\2.11.3\jackson-module-paranamer-2.11.3.jar;C:\Users\Junrui Chu\.m2\repository\org\apache\ivy\ivy\2.4.0\ivy-2.4.0.jar;C:\Users\Junrui Chu\.m2\repository\oro\oro\2.0.8\oro-2.0.8.jar;C:\Users\Junrui Chu\.m2\repository\net\razorvine\pyrolite\4.30\pyrolite-4.30.jar;C:\Users\Junrui Chu\.m2\repository\net\sf\py4j\py4j\0.10.9\py4j-0.10.9.jar;C:\Users\Junrui Chu\.m2\repository\org\apache\spark\spark-tags_2.12\3.0.0\spark-tags_2.12-3.0.0.jar;C:\Users\Junrui Chu\.m2\repository\org\apache\commons\commons-crypto\1.0.0\commons-crypto-1.0.0.jar;C:\Users\Junrui Chu\.m2\repository\org\spark-project\spark\unused\1.0.0\unused-1.0.0.jar;C:\Users\Junrui Chu\.m2\repository\org\apache\spark\spark-mllib_2.12\3.0.0\spark-mllib_2.12-3.0.0.jar;C:\Users\Junrui Chu\.m2\repository\org\scala-lang\modules\scala-parser-combinators_2.12\1.1.2\scala-parser-combinators_2.12-1.1.2.jar;C:\Users\Junrui Chu\.m2\repository\org\apache\spark\spark-streaming_2.12\3.0.0\spark-streaming_2.12-3.0.0.jar;C:\Users\Junrui Chu\.m2\repository\org\apache\spark\spark-graphx_2.12\3.0.0\spark-graphx_2.12-3.0.0.jar;C:\Users\Junrui Chu\.m2\repository\com\github\fommil\netlib\core\1.1.2\core-1.1.2.jar;C:\Users\Junrui Chu\.m2\repository\net\sourceforge\f2j\arpack_combined_all\0.1\arpack_combined_all-0.1.jar;C:\Users\Junrui Chu\.m2\repository\org\apache\spark\spark-mllib-local_2.12\3.0.0\spark-mllib-local_2.12-3.0.0.jar;C:\Users\Junrui Chu\.m2\repository\org\scalanlp\breeze_2.12\1.0\breeze_2.12-1.0.jar;C:\Users\Junrui Chu\.m2\repository\org\scalanlp\breeze-macros_2.12\1.0\breeze-macros_2.12-1.0.jar;C:\Users\Junrui Chu\.m2\repository\net\sf\opencsv\opencsv\2.3\opencsv-2.3.jar;C:\Users\Junrui Chu\.m2\repository\com\github\wendykierp\JTransforms\3.1\JTransforms-3.1.jar;C:\Users\Junrui Chu\.m2\repository\pl\edu\icm\JLargeArrays\1.5\JLargeArrays-1.5.jar;C:\Users\Junrui Chu\.m2\repository\com\chuusai\shapeless_2.12\2.3.3\shapeless_2.12-2.3.3.jar;C:\Users\Junrui Chu\.m2\repository\org\typelevel\macro-compat_2.12\1.1.1\macro-compat_2.12-1.1.1.jar;C:\Users\Junrui Chu\.m2\repository\org\typelevel\spire_2.12\0.17.0-M1\spire_2.12-0.17.0-M1.jar;C:\Users\Junrui Chu\.m2\repository\org\typelevel\spire-macros_2.12\0.17.0-M1\spire-macros_2.12-0.17.0-M1.jar;C:\Users\Junrui Chu\.m2\repository\org\typelevel\spire-platform_2.12\0.17.0-M1\spire-platform_2.12-0.17.0-M1.jar;C:\Users\Junrui Chu\.m2\repository\org\typelevel\spire-util_2.12\0.17.0-M1\spire-util_2.12-0.17.0-M1.jar;C:\Users\Junrui Chu\.m2\repository\org\typelevel\machinist_2.12\0.6.8\machinist_2.12-0.6.8.jar;C:\Users\Junrui Chu\.m2\repository\org\typelevel\algebra_2.12\2.0.0-M2\algebra_2.12-2.0.0-M2.jar;C:\Users\Junrui Chu\.m2\repository\org\typelevel\cats-kernel_2.12\2.0.0-M4\cats-kernel_2.12-2.0.0-M4.jar;C:\Users\Junrui Chu\.m2\repository\org\scala-lang\modules\scala-collection-compat_2.12\2.1.1\scala-collection-compat_2.12-2.1.1.jar;C:\Users\Junrui Chu\.m2\repository\org\glassfish\jaxb\jaxb-runtime\2.3.3\jaxb-runtime-2.3.3.jar;C:\Users\Junrui Chu\.m2\repository\com\sun\istack\istack-commons-runtime\3.0.11\istack-commons-runtime-3.0.11.jar;C:\Users\Junrui Chu\.m2\repository\com\sun\activation\jakarta.activation\1.2.2\jakarta.activation-1.2.2.jar;C:\Users\Junrui Chu\.m2\repository\org\apache\spark\spark-hive_2.12\3.0.0\spark-hive_2.12-3.0.0.jar;C:\Users\Junrui Chu\.m2\repository\org\apache\hive\hive-common\2.3.7\hive-common-2.3.7.jar;C:\Users\Junrui Chu\.m2\repository\commons-cli\commons-cli\1.2\commons-cli-1.2.jar;C:\Users\Junrui Chu\.m2\repository\commons-lang\commons-lang\2.6\commons-lang-2.6.jar;C:\Users\Junrui Chu\.m2\repository\jline\jline\2.12\jline-2.12.jar;C:\Users\Junrui Chu\.m2\repository\com\tdunning\json\1.8\json-1.8.jar;C:\Users\Junrui Chu\.m2\repository\com\github\joshelser\dropwizard-metrics-hadoop-metrics2-reporter\0.1.2\dropwizard-metrics-hadoop-metrics2-reporter-0.1.2.jar;C:\Users\Junrui Chu\.m2\repository\org\apache\hive\hive-exec\2.3.7\hive-exec-2.3.7-core.jar;C:\Users\Junrui Chu\.m2\repository\org\apache\hive\hive-vector-code-gen\2.3.7\hive-vector-code-gen-2.3.7.jar;C:\Users\Junrui Chu\.m2\repository\org\apache\velocity\velocity\1.5\velocity-1.5.jar;C:\Users\Junrui Chu\.m2\repository\commons-io\commons-io\2.4\commons-io-2.4.jar;C:\Users\Junrui Chu\.m2\repository\org\antlr\antlr-runtime\3.5.2\antlr-runtime-3.5.2.jar;C:\Users\Junrui Chu\.m2\repository\org\antlr\ST4\4.0.4\ST4-4.0.4.jar;C:\Users\Junrui Chu\.m2\repository\com\google\code\gson\gson\2.8.6\gson-2.8.6.jar;C:\Users\Junrui Chu\.m2\repository\stax\stax-api\1.0.1\stax-api-1.0.1.jar;C:\Users\Junrui Chu\.m2\repository\org\apache\hive\hive-metastore\2.3.7\hive-metastore-2.3.7.jar;C:\Users\Junrui Chu\.m2\repository\javolution\javolution\5.5.1\javolution-5.5.1.jar;C:\Users\Junrui Chu\.m2\repository\com\google\protobuf\protobuf-java\2.5.0\protobuf-java-2.5.0.jar;C:\Users\Junrui Chu\.m2\repository\com\jolbox\bonecp\0.8.0.RELEASE\bonecp-0.8.0.RELEASE.jar;C:\Users\Junrui Chu\.m2\repository\org\datanucleus\datanucleus-api-jdo\4.2.4\datanucleus-api-jdo-4.2.4.jar;C:\Users\Junrui Chu\.m2\repository\org\datanucleus\datanucleus-rdbms\4.1.19\datanucleus-rdbms-4.1.19.jar;C:\Users\Junrui Chu\.m2\repository\commons-pool\commons-pool\1.6\commons-pool-1.6.jar;C:\Users\Junrui Chu\.m2\repository\commons-dbcp\commons-dbcp\1.4\commons-dbcp-1.4.jar;C:\Users\Junrui Chu\.m2\repository\javax\jdo\jdo-api\3.0.1\jdo-api-3.0.1.jar;C:\Users\Junrui Chu\.m2\repository\javax\transaction\jta\1.1\jta-1.1.jar;C:\Users\Junrui Chu\.m2\repository\org\datanucleus\javax.jdo\3.2.0-m3\javax.jdo-3.2.0-m3.jar;C:\Users\Junrui Chu\.m2\repository\javax\transaction\transaction-api\1.1\transaction-api-1.1.jar;C:\Users\Junrui Chu\.m2\repository\org\apache\hive\hive-serde\2.3.7\hive-serde-2.3.7.jar;C:\Users\Junrui Chu\.m2\repository\org\apache\hive\hive-shims\2.3.7\hive-shims-2.3.7.jar;C:\Users\Junrui Chu\.m2\repository\org\apache\hive\shims\hive-shims-common\2.3.7\hive-shims-common-2.3.7.jar;C:\Users\Junrui Chu\.m2\repository\org\apache\hive\shims\hive-shims-0.23\2.3.7\hive-shims-0.23-2.3.7.jar;C:\Users\Junrui Chu\.m2\repository\org\apache\hive\shims\hive-shims-scheduler\2.3.7\hive-shims-scheduler-2.3.7.jar;C:\Users\Junrui Chu\.m2\repository\org\apache\hive\hive-llap-common\2.3.7\hive-llap-common-2.3.7.jar;C:\Users\Junrui Chu\.m2\repository\org\apache\hive\hive-llap-client\2.3.7\hive-llap-client-2.3.7.jar;C:\Users\Junrui Chu\.m2\repository\commons-httpclient\commons-httpclient\3.1\commons-httpclient-3.1.jar;C:\Users\Junrui Chu\.m2\repository\commons-logging\commons-logging\1.0.4\commons-logging-1.0.4.jar;C:\Users\Junrui Chu\.m2\repository\org\codehaus\jackson\jackson-mapper-asl\1.9.13\jackson-mapper-asl-1.9.13.jar;C:\Users\Junrui Chu\.m2\repository\joda-time\joda-time\2.10.5\joda-time-2.10.5.jar;C:\Users\Junrui Chu\.m2\repository\org\jodd\jodd-core\3.5.2\jodd-core-3.5.2.jar;C:\Users\Junrui Chu\.m2\repository\org\datanucleus\datanucleus-core\4.1.17\datanucleus-core-4.1.17.jar;C:\Users\Junrui Chu\.m2\repository\org\apache\thrift\libthrift\0.12.0\libthrift-0.12.0.jar;C:\Users\Junrui Chu\.m2\repository\org\apache\thrift\libfb303\0.9.3\libfb303-0.9.3.jar;C:\Users\Junrui Chu\.m2\repository\org\apache\derby\derby\10.14.2.0\derby-10.14.2.0.jar;C:\Users\Junrui Chu\.m2\repository\org\apache\spark\spark-sql_2.12\3.0.0\spark-sql_2.12-3.0.0.jar;C:\Users\Junrui Chu\.m2\repository\com\univocity\univocity-parsers\2.8.3\univocity-parsers-2.8.3.jar;C:\Users\Junrui Chu\.m2\repository\org\apache\spark\spark-sketch_2.12\3.0.0\spark-sketch_2.12-3.0.0.jar;C:\Users\Junrui Chu\.m2\repository\org\apache\spark\spark-catalyst_2.12\3.0.0\spark-catalyst_2.12-3.0.0.jar;C:\Users\Junrui Chu\.m2\repository\org\antlr\antlr4-runtime\4.7.1\antlr4-runtime-4.7.1.jar;C:\Users\Junrui Chu\.m2\repository\org\apache\arrow\arrow-vector\0.15.1\arrow-vector-0.15.1.jar;C:\Users\Junrui Chu\.m2\repository\org\apache\arrow\arrow-format\0.15.1\arrow-format-0.15.1.jar;C:\Users\Junrui Chu\.m2\repository\org\apache\arrow\arrow-memory\0.15.1\arrow-memory-0.15.1.jar;C:\Users\Junrui Chu\.m2\repository\com\google\flatbuffers\flatbuffers-java\1.9.0\flatbuffers-java-1.9.0.jar;C:\Users\Junrui Chu\.m2\repository\org\apache\orc\orc-core\1.5.10\orc-core-1.5.10.jar;C:\Users\Junrui Chu\.m2\repository\org\apache\orc\orc-shims\1.5.10\orc-shims-1.5.10.jar;C:\Users\Junrui Chu\.m2\repository\io\airlift\aircompressor\0.10\aircompressor-0.10.jar;C:\Users\Junrui Chu\.m2\repository\org\threeten\threeten-extra\1.5.0\threeten-extra-1.5.0.jar;C:\Users\Junrui Chu\.m2\repository\org\apache\orc\orc-mapreduce\1.5.10\orc-mapreduce-1.5.10.jar;C:\Users\Junrui Chu\.m2\repository\org\apache\hive\hive-storage-api\2.7.1\hive-storage-api-2.7.1.jar;C:\Users\Junrui Chu\.m2\repository\org\apache\parquet\parquet-column\1.10.1\parquet-column-1.10.1.jar;C:\Users\Junrui Chu\.m2\repository\org\apache\parquet\parquet-common\1.10.1\parquet-common-1.10.1.jar;C:\Users\Junrui Chu\.m2\repository\org\apache\parquet\parquet-encoding\1.10.1\parquet-encoding-1.10.1.jar;C:\Users\Junrui Chu\.m2\repository\org\apache\parquet\parquet-hadoop\1.10.1\parquet-hadoop-1.10.1.jar;C:\Users\Junrui Chu\.m2\repository\org\apache\parquet\parquet-format\2.4.0\parquet-format-2.4.0.jar;C:\Users\Junrui Chu\.m2\repository\org\apache\parquet\parquet-jackson\1.10.1\parquet-jackson-1.10.1.jar;C:\Users\Junrui Chu\.m2\repository\org\codehaus\janino\janino\3.0.15\janino-3.0.15.jar;C:\Users\Junrui Chu\.m2\repository\org\codehaus\janino\commons-compiler\3.1.2\commons-compiler-3.1.2.jar;C:\Users\Junrui Chu\.m2\repository\org\springframework\boot\spring-boot-starter-mail\2.4.1\spring-boot-starter-mail-2.4.1.jar;C:\Users\Junrui Chu\.m2\repository\org\springframework\spring-context-support\5.3.2\spring-context-support-5.3.2.jar;C:\Users\Junrui Chu\.m2\repository\com\sun\mail\jakarta.mail\1.6.5\jakarta.mail-1.6.5.jar;"/>
    <property name="sun.cpu.endian" value="little"/>
    <property name="user.home" value="C:\Users\Junrui Chu"/>
    <property name="user.language" value="zh"/>
    <property name="java.specification.vendor" value="Oracle Corporation"/>
    <property name="java.home" value="D:\environment\java\jdk\jre"/>
    <property name="basedir" value="G:\毕设\class-assistant-server"/>
    <property name="file.separator" value="\"/>
    <property name="line.separator" value="&#10;"/>
    <property name="java.vm.specification.vendor" value="Oracle Corporation"/>
    <property name="java.specification.name" value="Java Platform API Specification"/>
    <property name="java.awt.graphicsenv" value="sun.awt.Win32GraphicsEnvironment"/>
    <property name="surefire.real.class.path" value="C:\Users\JUNRUI~1\AppData\Local\Temp\surefire3986954961316200046\surefirebooter6321947085160846112.jar"/>
    <property name="sun.boot.class.path" value="D:\environment\java\jdk\jre\lib\resources.jar;D:\environment\java\jdk\jre\lib\rt.jar;D:\environment\java\jdk\jre\lib\sunrsasign.jar;D:\environment\java\jdk\jre\lib\jsse.jar;D:\environment\java\jdk\jre\lib\jce.jar;D:\environment\java\jdk\jre\lib\charsets.jar;D:\environment\java\jdk\jre\lib\jfr.jar;D:\environment\java\jdk\jre\classes"/>
    <property name="user.script" value=""/>
    <property name="sun.management.compiler" value="HotSpot 64-Bit Tiered Compilers"/>
    <property name="java.runtime.version" value="1.8.0_221-b11"/>
    <property name="user.name" value="Junrui Chu"/>
    <property name="path.separator" value=";"/>
    <property name="os.version" value="10.0"/>
    <property name="java.endorsed.dirs" value="D:\environment\java\jdk\jre\lib\endorsed"/>
    <property name="java.runtime.name" value="Java(TM) SE Runtime Environment"/>
    <property name="file.encoding" value="GBK"/>
    <property name="java.vm.name" value="Java HotSpot(TM) 64-Bit Server VM"/>
    <property name="localRepository" value="C:\Users\Junrui Chu\.m2\repository"/>
    <property name="java.vendor.url.bug" value="http://bugreport.sun.com/bugreport/"/>
    <property name="java.io.tmpdir" value="C:\Users\JUNRUI~1\AppData\Local\Temp\"/>
    <property name="java.version" value="1.8.0_221"/>
    <property name="user.dir" value="G:\毕设\class-assistant-server"/>
    <property name="os.arch" value="amd64"/>
    <property name="java.vm.specification.name" value="Java Virtual Machine Specification"/>
    <property name="java.awt.printerjob" value="sun.awt.windows.WPrinterJob"/>
    <property name="sun.os.patch.level" value=""/>
    <property name="java.library.path" value="D:\environment\java\jdk\jre\bin;C:\Windows\Sun\Java\bin;C:\Windows\system32;C:\Windows;C:\Program Files (x86)\Common Files\Oracle\Java\javapath;C:\Windows\system32;C:\Windows;C:\Windows\System32\Wbem;C:\Windows\System32\WindowsPowerShell\v1.0\;C:\Windows\System32\OpenSSH\;&quot;D:\environment\java\jdk\bin;D:\environment\java\jdk\jre\bin&quot;;D:\Program Files\nodejs\;D:\Program Files\Git\cmd;D:\environment\maven\apache-maven-3.6.1\bin;D:\environment\spark\spark-3.0.0-bin-hadoop2.7\spark-3.0.0-bin-hadoop2.7\bin;D:\environment\hadoop-2.7.1\bin;C:\Program Files\MySQL\MySQL Shell 8.0\bin\;."/>
    <property name="java.vm.info" value="mixed mode"/>
    <property name="java.vendor" value="Oracle Corporation"/>
    <property name="java.vm.version" value="25.221-b11"/>
    <property name="java.ext.dirs" value="D:\environment\java\jdk\jre\lib\ext;C:\Windows\Sun\Java\lib\ext"/>
    <property name="sun.io.unicode.encoding" value="UnicodeLittle"/>
    <property name="java.class.version" value="52.0"/>
  </properties>
  <testcase name="testFile" classname="com.zjr.assistant.AssistantApplicationTests" time="0.245"/>
  <testcase name="testPath" classname="com.zjr.assistant.AssistantApplicationTests" time="0.123">
    <error message="6" type="java.lang.ArrayIndexOutOfBoundsException">java.lang.ArrayIndexOutOfBoundsException: 6
	at com.zjr.assistant.AssistantApplicationTests.testPath(AssistantApplicationTests.java:43)
</error>
  </testcase>
  <testcase name="contextLoads" classname="com.zjr.assistant.AssistantApplicationTests" time="0.005"/>
  <testcase name="testPostQQ" classname="com.zjr.assistant.AssistantApplicationTests" time="2.348"/>
</testsuite>